<?xml version="1.0" encoding="UTF-8"?>
<!-- Generated by org.testng.reporters.JUnitXMLReporter -->
<testsuite ignored="5" hostname="DESKTOP-7US3K35" failures="0" tests="8" name="GRP-login,homePage,first" time="20.541" errors="0" timestamp="2022-08-08T14:06:28 IST">
  <testcase classname="practise.Demo7practice" name="setUp" time="16.182"/>
  <testcase classname="practise.Demo7practice" name="loginFunctionality" time="4.212"/>
  <testcase classname="practise.Demo7practice" name="validateHomePageLogo" time="0.071"/>
  <testcase classname="practise.Demo7practice" name="validateHomePageTitle" time="0.011"/>
  <testcase classname="practise.HowToSkipTestCaseInTestNG" name="a1" time="0.002"/>
  <testcase classname="practise.HowToSkipTestCaseInTestNG" name="a2" time="0.002"/>
  <testcase classname="practise.HowToSkipTestCaseInTestNG" name="a7" time="0.003"/>
  <testcase classname="practise.HowToSkipTestCaseInTestNG" name="a8" time="0.001"/>
  <testcase classname="practise.Demo7practice" name="end" time="0.0">
    <ignored/>
  </testcase> <!-- end -->
  <testcase classname="practise.Demo7practice" name="validatePimPage" time="0.0">
    <ignored/>
  </testcase> <!-- validatePimPage -->
  <testcase classname="practise.HowToSkipTestCaseInTestNG" name="a3" time="0.0">
    <ignored/>
  </testcase> <!-- a3 -->
  <testcase classname="practise.HowToSkipTestCaseInTestNG" name="a6" time="0.0">
    <ignored/>
  </testcase> <!-- a6 -->
  <testcase classname="practise.HowToSkipTestCaseInTestNG" name="a5" time="0.0">
    <ignored/>
  </testcase> <!-- a5 -->
</testsuite> <!-- GRP-login,homePage,first -->
