<?xml version="1.0" encoding="UTF-8"?>
<!-- Generated by org.testng.reporters.JUnitXMLReporter -->
<testsuite ignored="6" hostname="DESKTOP-7US3K35" failures="0" tests="7" name="GRP-end,login,first" time="11.137" errors="0" timestamp="2022-08-08T14:09:34 IST">
  <testcase classname="practise.Demo7practice" name="setUp" time="6.602"/>
  <testcase classname="practise.Demo7practice" name="loginFunctionality" time="4.451"/>
  <testcase classname="practise.Demo7practice" name="end" time="0.001"/>
  <testcase classname="practise.HowToSkipTestCaseInTestNG" name="a1" time="0.001"/>
  <testcase classname="practise.HowToSkipTestCaseInTestNG" name="a2" time="0.001"/>
  <testcase classname="practise.HowToSkipTestCaseInTestNG" name="a7" time="0.001"/>
  <testcase classname="practise.HowToSkipTestCaseInTestNG" name="a8" time="0.003"/>
  <testcase classname="practise.Demo7practice" name="validateHomePageLogo" time="0.0">
    <ignored/>
  </testcase> <!-- validateHomePageLogo -->
  <testcase classname="practise.Demo7practice" name="validatePimPage" time="0.0">
    <ignored/>
  </testcase> <!-- validatePimPage -->
  <testcase classname="practise.Demo7practice" name="validateHomePageTitle" time="0.0">
    <ignored/>
  </testcase> <!-- validateHomePageTitle -->
  <testcase classname="practise.HowToSkipTestCaseInTestNG" name="a3" time="0.0">
    <ignored/>
  </testcase> <!-- a3 -->
  <testcase classname="practise.HowToSkipTestCaseInTestNG" name="a6" time="0.0">
    <ignored/>
  </testcase> <!-- a6 -->
  <testcase classname="practise.HowToSkipTestCaseInTestNG" name="a5" time="0.0">
    <ignored/>
  </testcase> <!-- a5 -->
</testsuite> <!-- GRP-end,login,first -->
