<?xml version="1.0" encoding="UTF-8"?>
<!-- Generated by org.testng.reporters.JUnitXMLReporter -->
<testsuite ignored="3" hostname="DESKTOP-7US3K35" failures="0" tests="1" name="GRP-kukumber" time="0.051" errors="0" timestamp="2022-04-22T15:36:07 GMT-07:00">
  <testcase classname="practise.Demo2" name="testcasesp" time="0.011"/>
  <testcase classname="practise.Demo2" name="testcasesm" time="0.0">
    <ignored/>
  </testcase> <!-- testcasesm -->
  <testcase classname="practise.Demo2" name="testcasesa" time="0.0">
    <ignored/>
  </testcase> <!-- testcasesa -->
  <testcase classname="practise.Demo2" name="testcasesz" time="0.0">
    <ignored/>
  </testcase> <!-- testcasesz -->
</testsuite> <!-- GRP-kukumber -->
