<?xml version="1.0" encoding="UTF-8"?>
<!-- Generated by org.testng.reporters.JUnitXMLReporter -->
<testsuite ignored="0" hostname="DESKTOP-7US3K35" failures="0" tests="3" name="chrome" time="11.316" errors="0" timestamp="2022-08-24T00:00:05 IST">
  <testcase classname="practise.OpenTheBroserByParameter" name="validateTitleOfBrowsr" time="0.067"/>
  <testcase classname="practise.OpenTheBroserByParameter" name="validateurlOfBrowsr" time="0.019"/>
  <testcase classname="practise.OpenTheBroserByParameter" name="enterDetails" time="0.401"/>
</testsuite> <!-- chrome -->
