<?xml version="1.0" encoding="UTF-8"?>
<!-- Generated by org.testng.reporters.JUnitXMLReporter -->
<testsuite ignored="0" hostname="DESKTOP-7US3K35" failures="0" tests="3" name="edge" time="37.914" errors="0" timestamp="2022-08-24T00:00:32 IST">
  <testcase classname="practise.OpenTheBroserByParameter" name="validateTitleOfBrowsr" time="0.029"/>
  <testcase classname="practise.OpenTheBroserByParameter" name="validateurlOfBrowsr" time="0.031"/>
  <testcase classname="practise.OpenTheBroserByParameter" name="enterDetails" time="0.514"/>
</testsuite> <!-- edge -->
