<?xml version="1.0" encoding="UTF-8"?>
<!-- Generated by org.testng.reporters.JUnitXMLReporter -->
<testsuite ignored="5" hostname="DESKTOP-7US3K35" failures="2" tests="3" name="Test" time="0.119" errors="0" timestamp="2022-08-08T14:18:31 IST">
  <testcase classname="practise.Demo7practice" name="validateHomePageLogo" time="0.017">
    <failure type="java.lang.NullPointerException" message="Cannot invoke &amp;quot;org.openqa.selenium.WebDriver.findElement(org.openqa.selenium.By)&amp;quot; because &amp;quot;this.driver&amp;quot; is null">
      <![CDATA[java.lang.NullPointerException: Cannot invoke "org.openqa.selenium.WebDriver.findElement(org.openqa.selenium.By)" because "this.driver" is null
at practise.Demo7practice.validateHomePageLogo(Demo7practice.java:34)
at java.base/java.util.ArrayList.forEach(ArrayList.java:1511)
... Removed 27 stack frames]]>
    </failure>
  </testcase> <!-- validateHomePageLogo -->
  <testcase classname="practise.Demo7practice" name="validateHomePageTitle" time="0.004">
    <failure type="java.lang.NullPointerException" message="Cannot invoke &amp;quot;org.openqa.selenium.WebDriver.getTitle()&amp;quot; because &amp;quot;this.driver&amp;quot; is null">
      <![CDATA[java.lang.NullPointerException: Cannot invoke "org.openqa.selenium.WebDriver.getTitle()" because "this.driver" is null
at practise.Demo7practice.validateHomePageTitle(Demo7practice.java:42)
at java.base/java.util.ArrayList.forEach(ArrayList.java:1511)
... Removed 27 stack frames]]>
    </failure>
  </testcase> <!-- validateHomePageTitle -->
  <testcase classname="practise.Demo7practice" name="end" time="0.001"/>
  <testcase classname="practise.Demo7" name="abc" time="0.0">
    <ignored/>
  </testcase> <!-- abc -->
  <testcase classname="practise.Demo7practice" name="validatePimPage" time="0.0">
    <ignored/>
  </testcase> <!-- validatePimPage -->
  <testcase classname="practise.Demo7practice" name="setUp" time="0.0">
    <ignored/>
  </testcase> <!-- setUp -->
  <testcase classname="practise.Demo7practice" name="loginFunctionality" time="0.0">
    <ignored/>
  </testcase> <!-- loginFunctionality -->
  <testcase classname="practise.Demo7" name="xyz" time="0.0">
    <ignored/>
  </testcase> <!-- xyz -->
</testsuite> <!-- Test -->
