<?xml version="1.0" encoding="UTF-8"?>
<!-- Generated by org.testng.reporters.JUnitXMLReporter -->
<testsuite ignored="0" hostname="DESKTOP-7US3K35" failures="0" tests="7" name="Test" time="27.785" errors="0" timestamp="2022-08-08T01:50:17 IST">
  <testcase classname="practise.Demo7practice" name="setUp" time="19.608"/>
  <testcase classname="practise.Demo7practice" name="loginFunctionality" time="5.468"/>
  <testcase classname="practise.Demo7practice" name="validateHomePageLogo" time="0.079"/>
  <testcase classname="practise.Demo7practice" name="validateHomePageTitle" time="0.011"/>
  <testcase classname="practise.Demo7practice" name="validatePimPage" time="2.539"/>
  <testcase classname="practise.Demo7" name="abc" time="0.002"/>
  <testcase classname="practise.Demo7" name="xyz" time="0.001"/>
</testsuite> <!-- Test -->
